# JRE version: OpenJDK Runtime Environment (17.0.6) (build 17.0.6+0-b2043.56-10027231)
# Java VM: OpenJDK 64-Bit Server VM (17.0.6+0-b2043.56-10027231, mixed mode, tiered, compressed oops, compressed class ptrs, g1 gc, windows-amd64)
GC Precious Log:
 CPUs: 12 total, 12 available
 Memory: 16256M
 Large Page Support: Disabled
 NUMA Support: Disabled
 Compressed Oops: Enabled (Zero based)
 Heap Region Size: 2M
 Heap Min Capacity: 8M
 Heap Initial Capacity: 256M
 Heap Max Capacity: 4066M
 Pre-touch: Disabled
 Parallel Workers: 10
 Concurrent Workers: 3
 Concurrent Refinement Workers: 10
 Periodic GC: Disabled
Heap:
 garbage-first heap   total 151552K, used 99535K [0x0000000701e00000, 0x0000000800000000)
  region size 2048K, 35 young (71680K), 1 survivors (2048K)
 Metaspace       used 56816K, committed 57088K, reserved 1105920K
  class space    used 6706K, committed 6848K, reserved 1048576K
GC Heap History (18 events):
Event: 0.414 GC heap before
{Heap before GC invocations=0 (full 0):
 garbage-first heap   total 262144K, used 24576K [0x0000000701e00000, 0x0000000800000000)
  region size 2048K, 11 young (22528K), 0 survivors (0K)
 Metaspace       used 12895K, committed 12992K, reserved 1064960K
  class space    used 1236K, committed 1280K, reserved 1048576K
}
Event: 0.416 GC heap after
{Heap after GC invocations=1 (full 0):
 garbage-first heap   total 262144K, used 6623K [0x0000000701e00000, 0x0000000800000000)
  region size 2048K, 2 young (4096K), 2 survivors (4096K)
 Metaspace       used 12895K, committed 12992K, reserved 1064960K
  class space    used 1236K, committed 1280K, reserved 1048576K
}
Event: 0.845 GC heap before
{Heap before GC invocations=1 (full 0):
 garbage-first heap   total 262144K, used 39391K [0x0000000701e00000, 0x0000000800000000)
  region size 2048K, 20 young (40960K), 2 survivors (4096K)
 Metaspace       used 21329K, committed 21504K, reserved 1073152K
  class space    used 2327K, committed 2432K, reserved 1048576K
}
Event: 0.848 GC heap after
{Heap after GC invocations=2 (full 0):
 garbage-first heap   total 262144K, used 8299K [0x0000000701e00000, 0x0000000800000000)
  region size 2048K, 3 young (6144K), 3 survivors (6144K)
 Metaspace       used 21329K, committed 21504K, reserved 1073152K
  class space    used 2327K, committed 2432K, reserved 1048576K
}
Event: 1.148 GC heap before
{Heap before GC invocations=3 (full 0):
 garbage-first heap   total 40960K, used 28779K [0x0000000701e00000, 0x0000000800000000)
  region size 2048K, 14 young (28672K), 3 survivors (6144K)
 Metaspace       used 28412K, committed 28608K, reserved 1081344K
  class space    used 3529K, committed 3584K, reserved 1048576K
}
Event: 1.152 GC heap after
{Heap after GC invocations=4 (full 0):
 garbage-first heap   total 40960K, used 9264K [0x0000000701e00000, 0x0000000800000000)
  region size 2048K, 3 young (6144K), 3 survivors (6144K)
 Metaspace       used 28412K, committed 28608K, reserved 1081344K
  class space    used 3529K, committed 3584K, reserved 1048576K
}
Event: 1.563 GC heap before
{Heap before GC invocations=4 (full 0):
 garbage-first heap   total 40960K, used 29744K [0x0000000701e00000, 0x0000000800000000)
  region size 2048K, 12 young (24576K), 3 survivors (6144K)
 Metaspace       used 30462K, committed 30656K, reserved 1081344K
  class space    used 3922K, committed 3968K, reserved 1048576K
}
Event: 1.571 GC heap after
{Heap after GC invocations=5 (full 0):
 garbage-first heap   total 40960K, used 15463K [0x0000000701e00000, 0x0000000800000000)
  region size 2048K, 2 young (4096K), 2 survivors (4096K)
 Metaspace       used 30462K, committed 30656K, reserved 1081344K
  class space    used 3922K, committed 3968K, reserved 1048576K
}
Event: 1.709 GC heap before
{Heap before GC invocations=5 (full 0):
 garbage-first heap   total 40960K, used 27751K [0x0000000701e00000, 0x0000000800000000)
  region size 2048K, 8 young (16384K), 2 survivors (4096K)
 Metaspace       used 33757K, committed 33984K, reserved 1081344K
  class space    used 4299K, committed 4416K, reserved 1048576K
}
Event: 1.716 GC heap after
{Heap after GC invocations=6 (full 0):
 garbage-first heap   total 40960K, used 17304K [0x0000000701e00000, 0x0000000800000000)
  region size 2048K, 1 young (2048K), 1 survivors (2048K)
 Metaspace       used 33757K, committed 33984K, reserved 1081344K
  class space    used 4299K, committed 4416K, reserved 1048576K
}
Event: 1.831 GC heap before
{Heap before GC invocations=6 (full 0):
 garbage-first heap   total 40960K, used 27544K [0x0000000701e00000, 0x0000000800000000)
  region size 2048K, 7 young (14336K), 1 survivors (2048K)
 Metaspace       used 35726K, committed 35968K, reserved 1081344K
  class space    used 4523K, committed 4672K, reserved 1048576K
}
Event: 1.834 GC heap after
{Heap after GC invocations=7 (full 0):
 garbage-first heap   total 40960K, used 16513K [0x0000000701e00000, 0x0000000800000000)
  region size 2048K, 1 young (2048K), 1 survivors (2048K)
 Metaspace       used 35726K, committed 35968K, reserved 1081344K
  class space    used 4523K, committed 4672K, reserved 1048576K
}
Event: 1.946 GC heap before
{Heap before GC invocations=8 (full 0):
 garbage-first heap   total 40960K, used 28801K [0x0000000701e00000, 0x0000000800000000)
  region size 2048K, 7 young (14336K), 1 survivors (2048K)
 Metaspace       used 38126K, committed 38336K, reserved 1089536K
  class space    used 4753K, committed 4864K, reserved 1048576K
}
Event: 1.949 GC heap after
{Heap after GC invocations=9 (full 0):
 garbage-first heap   total 40960K, used 17776K [0x0000000701e00000, 0x0000000800000000)
  region size 2048K, 1 young (2048K), 1 survivors (2048K)
 Metaspace       used 38126K, committed 38336K, reserved 1089536K
  class space    used 4753K, committed 4864K, reserved 1048576K
}
Event: 1.966 GC heap before
{Heap before GC invocations=9 (full 0):
 garbage-first heap   total 40960K, used 17776K [0x0000000701e00000, 0x0000000800000000)
  region size 2048K, 2 young (4096K), 1 survivors (2048K)
 Metaspace       used 38602K, committed 38848K, reserved 1089536K
  class space    used 4782K, committed 4928K, reserved 1048576K
}
Event: 1.970 GC heap after
{Heap after GC invocations=10 (full 0):
 garbage-first heap   total 151552K, used 17416K [0x0000000701e00000, 0x0000000800000000)
  region size 2048K, 1 young (2048K), 1 survivors (2048K)
 Metaspace       used 38602K, committed 38848K, reserved 1089536K
  class space    used 4782K, committed 4928K, reserved 1048576K
}
Event: 3.121 GC heap before
{Heap before GC invocations=10 (full 0):
 garbage-first heap   total 151552K, used 107528K [0x0000000701e00000, 0x0000000800000000)
  region size 2048K, 44 young (90112K), 1 survivors (2048K)
 Metaspace       used 50283K, committed 50496K, reserved 1097728K
  class space    used 6020K, committed 6144K, reserved 1048576K
}
Event: 3.134 GC heap after
{Heap after GC invocations=11 (full 0):
 garbage-first heap   total 151552K, used 29903K [0x0000000701e00000, 0x0000000800000000)
  region size 2048K, 6 young (12288K), 6 survivors (12288K)
 Metaspace       used 50283K, committed 50496K, reserved 1097728K
  class space    used 6020K, committed 6144K, reserved 1048576K
}

